<?xml version="1.0" encoding="UTF-8"?>
<!-- Generated by org.testng.reporters.JUnitXMLReporter -->
<testsuite ignored="2" hostname="Vasant" failures="1" tests="6" name="Test" time="14.862" errors="0" timestamp="2025-06-29T13:35:55 IST">
  <testcase classname="com.testcases.LoginPageTC" name="verifyLoginPageTitle" time="0.096"/>
  <testcase classname="com.testcases.LoginPageTC" name="verifyOrangeHRMLogo" time="3.107"/>
  <testcase classname="com.testcases.LoginPageTC" name="verifyOrangeHRMLinks" time="0.191"/>
  <testcase classname="com.testcases.LoginPageTC" name="verifyForgotPasswordLinkText" time="0.071"/>
  <testcase classname="com.testcases.HomePageTC" name="verifyHommePageTitle" time="0.004">
    <failure type="java.lang.NullPointerException" message="Cannot invoke &amp;quot;org.openqa.selenium.SearchContext.findElement(org.openqa.selenium.By)&amp;quot; because &amp;quot;this.searchContext&amp;quot; is null">
      <![CDATA[java.lang.NullPointerException: Cannot invoke "org.openqa.selenium.SearchContext.findElement(org.openqa.selenium.By)" because "this.searchContext" is null
at org.openqa.selenium.support.pagefactory.DefaultElementLocator.findElement(DefaultElementLocator.java:68)
at org.openqa.selenium.support.pagefactory.internal.LocatingElementHandler.invoke(LocatingElementHandler.java:38)
at jdk.proxy2/jdk.proxy2.$Proxy15.sendKeys(Unknown Source)
at com.pages.LoginPage.setUserName(LoginPage.java:30)
at com.testcases.HomePageTC.verifyHommePageTitle(HomePageTC.java:15)
at java.base/java.util.ArrayList.forEach(ArrayList.java:1597)
... Removed 25 stack frames]]>
    </failure>
  </testcase> <!-- verifyHommePageTitle -->
  <testcase classname="com.testcases.HomePageTC" name="verifyHomePageLogo" time="0.0">
    <skipped/>
  </testcase> <!-- verifyHomePageLogo -->
  <testcase classname="com.testbase.TestBase" name="@BeforeTest setup" time="0.0">
    <ignored/>
  </testcase> <!-- @BeforeTest setup -->
  <testcase classname="com.testbase.TestBase" name="@AfterTest teardown" time="0.0">
    <ignored/>
  </testcase> <!-- @AfterTest teardown -->
</testsuite> <!-- Test -->
